C251 COMPILER V5.60.0,  control                                                            17/07/23  20:22:16  PAGE 1   


C251 COMPILER V5.60.0, COMPILATION OF MODULE control
OBJECT MODULE PLACED IN .\Out_File\control.obj
COMPILER INVOKED BY: C:\Keil_v5\C251\BIN\C251.EXE control.c XSMALL ROM(HUGE) WARNINGLEVEL(3) BROWSE INCDIR(..\..\Librari
                    -es\libraries;..\..\Libraries\seekfree_libraries;..\..\Libraries\seekfree_peripheral;..\CODE;..\USER\inc;..\USER\src) DEB
                    -UG PRINT(.\Out_File\control.lst) OBJECT(.\Out_File\control.obj) 

stmt  level    source

    1          #include "headfile.h"
    2          #include "control.h"
    3          
    4          int duty1 = 0, duty2 = 0;
    5          
    6          
    7          float servo = 0;
    8          
    9           
   10          
   11          
   12          void Control(void)
   13          {
   14   1      if(duty1>0)
   15   1                      {
   16   2                       pwm_duty(PWM1, duty1);
   17   2                      DIR1 = 1;
   18   2                      }
   19   1                      else
   20   1                      {
   21   2                      pwm_duty(PWM1, duty1*-1);
   22   2                      DIR1 = 0;
   23   2                      }
   24   1                      
   25   1                      if(duty2>0)
   26   1                      {
   27   2                       pwm_duty(PWM2, duty2);
   28   2                      DIR2 = 0;
   29   2                      }
   30   1                      else
   31   1                      {
   32   2                      pwm_duty(PWM2, duty2*-1);
   33   2                      DIR2 = 1;
   34   2                      }
   35   1                      
   36   1                      
   37   1                      
   38   1      
   39   1              }


Module Information          Static   Overlayable
------------------------------------------------
  code size            =    ------     ------
  ecode size           =       121     ------
  data size            =    ------     ------
  idata size           =    ------     ------
  pdata size           =    ------     ------
  xdata size           =    ------     ------
  xdata-const size     =    ------     ------
  edata size           =         8     ------
  bit size             =    ------     ------
  ebit size            =    ------     ------
  bitaddressable size  =    ------     ------
  ebitaddressable size =    ------     ------
  far data size        =    ------     ------
  huge data size       =    ------     ------
  const size           =    ------     ------
C251 COMPILER V5.60.0,  control                                                            17/07/23  20:22:16  PAGE 2   

  hconst size          =        20     ------
End of Module Information.


C251 COMPILATION COMPLETE.  0 WARNING(S),  0 ERROR(S)
