C251 COMPILER V5.60.0,  encoder                                                            17/07/23  20:22:16  PAGE 1   


C251 COMPILER V5.60.0, COMPILATION OF MODULE encoder
OBJECT MODULE PLACED IN .\Out_File\encoder.obj
COMPILER INVOKED BY: C:\Keil_v5\C251\BIN\C251.EXE encoder.c XSMALL ROM(HUGE) WARNINGLEVEL(3) BROWSE INCDIR(..\..\Librari
                    -es\libraries;..\..\Libraries\seekfree_libraries;..\..\Libraries\seekfree_peripheral;..\CODE;..\USER\inc;..\USER\src) DEB
                    -UG PRINT(.\Out_File\encoder.lst) OBJECT(.\Out_File\encoder.obj) 

stmt  level    source

    1          #include "headfile.h"
    2          #include "encoder.h"
    3          int16 speed1;//编码器读取脉冲
    4          int16 speed2;
    5          
    6                  
    7          void read_encoder()
    8          {
    9   1              if(DIRR == 1)//右轮
   10   1                      {
   11   2                              speed1 = ctimer_count_read(CTIM0_P34)*-1;
   12   2                      }
   13   1                      else
   14   1                      {
   15   2                              speed1 = ctimer_count_read(CTIM0_P34) ;
   16   2                      }
   17   1                      
   18   1                      if(DIRL == 1)  //输出高电平，正转
   19   1                      {
   20   2                              speed2 = ctimer_count_read(CTIM3_P04) ;
   21   2                      }
   22   1                      else        //输出低电平，反转
   23   1                      {
   24   2                              speed2 = ctimer_count_read(CTIM3_P04)*-1 ;
   25   2                              
   26   2                      }
   27   1                      ctimer_count_clean(CTIM0_P34);
   28   1                ctimer_count_clean(CTIM3_P04);//清除积累
   29   1              
   30   1                              
   31   1                      
   32   1      }


Module Information          Static   Overlayable
------------------------------------------------
  code size            =    ------     ------
  ecode size           =        80     ------
  data size            =    ------     ------
  idata size           =    ------     ------
  pdata size           =    ------     ------
  xdata size           =    ------     ------
  xdata-const size     =    ------     ------
  edata size           =         4     ------
  bit size             =    ------     ------
  ebit size            =    ------     ------
  bitaddressable size  =    ------     ------
  ebitaddressable size =    ------     ------
  far data size        =    ------     ------
  huge data size       =    ------     ------
  const size           =    ------     ------
  hconst size          =    ------     ------
End of Module Information.


C251 COMPILATION COMPLETE.  0 WARNING(S),  0 ERROR(S)
